# JRE version: OpenJDK Runtime Environment (8.0_202-b03) (build 1.8.0_202-release-1483-b03)
# Java VM: OpenJDK 64-Bit Server VM (25.202-b03 mixed mode windows-amd64 compressed oops)
Heap:
 PSYoungGen      total 466944K, used 223591K [0x00000000e0000000, 0x00000000ff800000, 0x0000000100000000)
  eden space 415232K, 51% used [0x00000000e0000000,0x00000000ed231d08,0x00000000f9580000)
  from space 51712K, 16% used [0x00000000fc580000,0x00000000fcda8010,0x00000000ff800000)
  to   space 49152K, 0% used [0x00000000f9580000,0x00000000f9580000,0x00000000fc580000)
 ParOldGen       total 625152K, used 260535K [0x00000000a0000000, 0x00000000c6280000, 0x00000000e0000000)
  object space 625152K, 41% used [0x00000000a0000000,0x00000000afe6de50,0x00000000c6280000)
 Metaspace       used 149036K, capacity 160760K, committed 164440K, reserved 1191936K
  class space    used 18489K, capacity 20495K, committed 21120K, reserved 1048576K
GC Heap History (10 events):
Event: 14869.070 GC heap before
{Heap before GC invocations=168 (full 6):
 PSYoungGen      total 442368K, used 386363K [0x00000000e0000000, 0x00000000ff580000, 0x0000000100000000)
  eden space 374272K, 100% used [0x00000000e0000000,0x00000000f6d80000,0x00000000f6d80000)
  from space 68096K, 17% used [0x00000000f6d80000,0x00000000f794ef50,0x00000000fb000000)
  to   space 64000K, 0% used [0x00000000fb700000,0x00000000fb700000,0x00000000ff580000)
 ParOldGen       total 625152K, used 217375K [0x00000000a0000000, 0x00000000c6280000, 0x00000000e0000000)
  object space 625152K, 34% used [0x00000000a0000000,0x00000000ad447da8,0x00000000c6280000)
 Metaspace       used 148999K, capacity 160750K, committed 164440K, reserved 1191936K
  class space    used 18488K, capacity 20494K, committed 21120K, reserved 1048576K
Event: 14869.086 GC heap after
Heap after GC invocations=168 (full 6):
 PSYoungGen      total 452608K, used 8496K [0x00000000e0000000, 0x00000000ff600000, 0x0000000100000000)
  eden space 388608K, 0% used [0x00000000e0000000,0x00000000e0000000,0x00000000f7b80000)
  from space 64000K, 13% used [0x00000000fb700000,0x00000000fbf4c030,0x00000000ff580000)
  to   space 60928K, 0% used [0x00000000f7b80000,0x00000000f7b80000,0x00000000fb700000)
 ParOldGen       total 625152K, used 227050K [0x00000000a0000000, 0x00000000c6280000, 0x00000000e0000000)
  object space 625152K, 36% used [0x00000000a0000000,0x00000000addba810,0x00000000c6280000)
 Metaspace       used 148999K, capacity 160750K, committed 164440K, reserved 1191936K
  class space    used 18488K, capacity 20494K, committed 21120K, reserved 1048576K
}
Event: 14869.495 GC heap before
{Heap before GC invocations=169 (full 6):
 PSYoungGen      total 452608K, used 397104K [0x00000000e0000000, 0x00000000ff600000, 0x0000000100000000)
  eden space 388608K, 100% used [0x00000000e0000000,0x00000000f7b80000,0x00000000f7b80000)
  from space 64000K, 13% used [0x00000000fb700000,0x00000000fbf4c030,0x00000000ff580000)
  to   space 60928K, 0% used [0x00000000f7b80000,0x00000000f7b80000,0x00000000fb700000)
 ParOldGen       total 625152K, used 227050K [0x00000000a0000000, 0x00000000c6280000, 0x00000000e0000000)
  object space 625152K, 36% used [0x00000000a0000000,0x00000000addba810,0x00000000c6280000)
 Metaspace       used 149025K, capacity 160760K, committed 164440K, reserved 1191936K
  class space    used 18488K, capacity 20495K, committed 21120K, reserved 1048576K
Event: 14869.510 GC heap after
Heap after GC invocations=169 (full 6):
 PSYoungGen      total 449536K, used 6976K [0x00000000e0000000, 0x00000000ff800000, 0x0000000100000000)
  eden space 388608K, 0% used [0x00000000e0000000,0x00000000e0000000,0x00000000f7b80000)
  from space 60928K, 11% used [0x00000000f7b80000,0x00000000f8250050,0x00000000fb700000)
  to   space 58368K, 0% used [0x00000000fbf00000,0x00000000fbf00000,0x00000000ff800000)
 ParOldGen       total 625152K, used 232968K [0x00000000a0000000, 0x00000000c6280000, 0x00000000e0000000)
  object space 625152K, 37% used [0x00000000a0000000,0x00000000ae382228,0x00000000c6280000)
 Metaspace       used 149025K, capacity 160760K, committed 164440K, reserved 1191936K
  class space    used 18488K, capacity 20495K, committed 21120K, reserved 1048576K
}
Event: 14869.829 GC heap before
{Heap before GC invocations=170 (full 6):
 PSYoungGen      total 449536K, used 395584K [0x00000000e0000000, 0x00000000ff800000, 0x0000000100000000)
  eden space 388608K, 100% used [0x00000000e0000000,0x00000000f7b80000,0x00000000f7b80000)
  from space 60928K, 11% used [0x00000000f7b80000,0x00000000f8250050,0x00000000fb700000)
  to   space 58368K, 0% used [0x00000000fbf00000,0x00000000fbf00000,0x00000000ff800000)
 ParOldGen       total 625152K, used 232968K [0x00000000a0000000, 0x00000000c6280000, 0x00000000e0000000)
  object space 625152K, 37% used [0x00000000a0000000,0x00000000ae382228,0x00000000c6280000)
 Metaspace       used 149030K, capacity 160760K, committed 164440K, reserved 1191936K
  class space    used 18489K, capacity 20495K, committed 21120K, reserved 1048576K
Event: 14869.856 GC heap after
Heap after GC invocations=170 (full 6):
 PSYoungGen      total 459776K, used 17667K [0x00000000e0000000, 0x00000000ff680000, 0x0000000100000000)
  eden space 402944K, 0% used [0x00000000e0000000,0x00000000e0000000,0x00000000f8980000)
  from space 56832K, 31% used [0x00000000fbf00000,0x00000000fd040c88,0x00000000ff680000)
  to   space 54784K, 0% used [0x00000000f8980000,0x00000000f8980000,0x00000000fbf00000)
 ParOldGen       total 625152K, used 238123K [0x00000000a0000000, 0x00000000c6280000, 0x00000000e0000000)
  object space 625152K, 38% used [0x00000000a0000000,0x00000000ae88afb8,0x00000000c6280000)
 Metaspace       used 149030K, capacity 160760K, committed 164440K, reserved 1191936K
  class space    used 18489K, capacity 20495K, committed 21120K, reserved 1048576K
}
Event: 14870.223 GC heap before
{Heap before GC invocations=171 (full 6):
 PSYoungGen      total 459776K, used 420611K [0x00000000e0000000, 0x00000000ff680000, 0x0000000100000000)
  eden space 402944K, 100% used [0x00000000e0000000,0x00000000f8980000,0x00000000f8980000)
  from space 56832K, 31% used [0x00000000fbf00000,0x00000000fd040c88,0x00000000ff680000)
  to   space 54784K, 0% used [0x00000000f8980000,0x00000000f8980000,0x00000000fbf00000)
 ParOldGen       total 625152K, used 238123K [0x00000000a0000000, 0x00000000c6280000, 0x00000000e0000000)
  object space 625152K, 38% used [0x00000000a0000000,0x00000000ae88afb8,0x00000000c6280000)
 Metaspace       used 149034K, capacity 160760K, committed 164440K, reserved 1191936K
  class space    used 18489K, capacity 20495K, committed 21120K, reserved 1048576K
Event: 14870.236 GC heap after
Heap after GC invocations=171 (full 6):
 PSYoungGen      total 457728K, used 11091K [0x00000000e0000000, 0x00000000ff800000, 0x0000000100000000)
  eden space 402944K, 0% used [0x00000000e0000000,0x00000000e0000000,0x00000000f8980000)
  from space 54784K, 20% used [0x00000000f8980000,0x00000000f9454e70,0x00000000fbf00000)
  to   space 51712K, 0% used [0x00000000fc580000,0x00000000fc580000,0x00000000ff800000)
 ParOldGen       total 625152K, used 251224K [0x00000000a0000000, 0x00000000c6280000, 0x00000000e0000000)
  object space 625152K, 40% used [0x00000000a0000000,0x00000000af5560c8,0x00000000c6280000)
 Metaspace       used 149034K, capacity 160760K, committed 164440K, reserved 1191936K
  class space    used 18489K, capacity 20495K, committed 21120K, reserved 1048576K
}
Event: 14870.521 GC heap before
{Heap before GC invocations=172 (full 6):
 PSYoungGen      total 457728K, used 414035K [0x00000000e0000000, 0x00000000ff800000, 0x0000000100000000)
  eden space 402944K, 100% used [0x00000000e0000000,0x00000000f8980000,0x00000000f8980000)
  from space 54784K, 20% used [0x00000000f8980000,0x00000000f9454e70,0x00000000fbf00000)
  to   space 51712K, 0% used [0x00000000fc580000,0x00000000fc580000,0x00000000ff800000)
 ParOldGen       total 625152K, used 251224K [0x00000000a0000000, 0x00000000c6280000, 0x00000000e0000000)
  object space 625152K, 40% used [0x00000000a0000000,0x00000000af5560c8,0x00000000c6280000)
 Metaspace       used 149036K, capacity 160760K, committed 164440K, reserved 1191936K
  class space    used 18489K, capacity 20495K, committed 21120K, reserved 1048576K
Event: 14870.531 GC heap after
Heap after GC invocations=172 (full 6):
 PSYoungGen      total 466944K, used 8352K [0x00000000e0000000, 0x00000000ff800000, 0x0000000100000000)
  eden space 415232K, 0% used [0x00000000e0000000,0x00000000e0000000,0x00000000f9580000)
  from space 51712K, 16% used [0x00000000fc580000,0x00000000fcda8010,0x00000000ff800000)
  to   space 49152K, 0% used [0x00000000f9580000,0x00000000f9580000,0x00000000fc580000)
 ParOldGen       total 625152K, used 260535K [0x00000000a0000000, 0x00000000c6280000, 0x00000000e0000000)
  object space 625152K, 41% used [0x00000000a0000000,0x00000000afe6de50,0x00000000c6280000)
 Metaspace       used 149036K, capacity 160760K, committed 164440K, reserved 1191936K
  class space    used 18489K, capacity 20495K, committed 21120K, reserved 1048576K
}

